<?xml version="1.0" encoding="UTF-8"?>
<testng-results ignored="0" total="1" passed="1" failed="0" skipped="0">
  <reporter-output>
  </reporter-output>
  <suite started-at="2023-01-30T20:29:01 AEDT" name="All Test Suite" finished-at="2023-01-30T20:29:23 AEDT" duration-ms="22034">
    <groups>
    </groups>
    <test started-at="2023-01-30T20:29:01 AEDT" name="Playwright" finished-at="2023-01-30T20:29:23 AEDT" duration-ms="22034">
      <class name="com.accesshq.tests.TestSuite3">
        <test-method is-config="true" signature="setUp()[pri:0, instance:com.accesshq.tests.TestSuite3@3688eb5b]" started-at="2023-01-30T20:29:02 AEDT" name="setUp" finished-at="2023-01-30T20:29:15 AEDT" duration-ms="13031" status="PASS">
          <reporter-output>
          </reporter-output>
        </test-method> <!-- setUp -->
        <test-method signature="tc_02(java.lang.String)[pri:0, instance:com.accesshq.tests.TestSuite3@3688eb5b]" started-at="2023-01-30T20:29:16 AEDT" name="tc_02" data-provider="dt_01" finished-at="2023-01-30T20:29:23 AEDT" duration-ms="7479" status="PASS">
          <params>
            <param index="0">
              <value>
                <![CDATA[tc_01]]>
              </value>
            </param>
          </params>
          <reporter-output>
          </reporter-output>
        </test-method> <!-- tc_02 -->
        <test-method is-config="true" signature="closeUp()[pri:0, instance:com.accesshq.tests.TestSuite3@3688eb5b]" started-at="2023-01-30T20:29:23 AEDT" name="closeUp" finished-at="2023-01-30T20:29:23 AEDT" duration-ms="28" status="PASS">
          <reporter-output>
          </reporter-output>
        </test-method> <!-- closeUp -->
      </class> <!-- com.accesshq.tests.TestSuite3 -->
    </test> <!-- Playwright -->
  </suite> <!-- All Test Suite -->
</testng-results>
